<?xml version="1.0" encoding="UTF-8"?>
<!-- Generated by org.testng.reporters.JUnitXMLReporter -->
<testsuite hostname="Adet" ignored="0" name="Default test" tests="15" failures="0" timestamp="2021-01-06T21:19:00 CET" time="44.191" errors="0">
  <testcase name="clickHideBtn" time="0.204" classname="openLink.SeleniumTest"/>
  <testcase name="isEmuCheckBoxDisabled" time="0.056" classname="openLink.SeleniumTest"/>
  <testcase name="checkNumberOfCheckboxes" time="0.03" classname="openLink.SeleniumTest"/>
  <testcase name="selectRadioBtnJezevaKucica" time="0.14" classname="openLink.SeleniumTest"/>
  <testcase name="selectTurskiFromDropdownNahlaCourses" time="0.265" classname="openLink.SeleniumTest"/>
  <testcase name="clickPromptBoxGetTextAfterCancel" time="0.162" classname="openLink.SeleniumTest"/>
  <testcase name="checkPromptBoxAndText" time="0.11" classname="openLink.SeleniumTest"/>
  <testcase name="getTableNumberRowsCols" time="0.05" classname="openLink.SeleniumTest"/>
  <testcase name="getTableNumberRowsExcludeTitle" time="0.024" classname="openLink.SeleniumTest"/>
  <testcase name="getNamesForStudentsInEnglishCourse" time="0.166" classname="openLink.SeleniumTest"/>
  <testcase name="openNewWindowNahlaPage" time="5.158" classname="openLink.SeleniumTest"/>
  <testcase name="dragAndDrop" time="17.708" classname="openLink.SeleniumTest"/>
  <testcase name="mouseOver" time="0.513" classname="openLink.SeleniumTest"/>
  <testcase name="clickOnVolontirajLink" time="1.624" classname="openLink.SeleniumTest"/>
  <testcase name="getCurrentUrl" time="0.008" classname="openLink.SeleniumTest"/>
</testsuite> <!-- Default test -->
