<?xml version="1.0" encoding="UTF-8"?>
<testng-results skipped="0" failed="0" ignored="0" total="1" passed="1">
  <reporter-output>
  </reporter-output>
  <suite name="Default suite" duration-ms="19958" started-at="2020-07-15T19:31:32 CEST" finished-at="2020-07-15T19:31:52 CEST">
    <groups>
    </groups>
    <test name="Default test" duration-ms="19958" started-at="2020-07-15T19:31:32 CEST" finished-at="2020-07-15T19:31:52 CEST">
      <class name="openLink.SeleniumTest">
        <test-method status="PASS" signature="setUp()[pri:0, instance:openLink.SeleniumTest@5e853265]" name="setUp" is-config="true" duration-ms="11210" started-at="2020-07-15T19:31:32 CEST" finished-at="2020-07-15T19:31:43 CEST">
          <reporter-output>
          </reporter-output>
        </test-method> <!-- setUp -->
        <test-method status="PASS" signature="SeleniumAutomationTestPage()[pri:1, instance:openLink.SeleniumTest@5e853265]" name="SeleniumAutomationTestPage" duration-ms="8693" started-at="2020-07-15T19:31:44 CEST" finished-at="2020-07-15T19:31:52 CEST">
          <reporter-output>
          </reporter-output>
        </test-method> <!-- SeleniumAutomationTestPage -->
      </class> <!-- openLink.SeleniumTest -->
    </test> <!-- Default test -->
  </suite> <!-- Default suite -->
</testng-results>
